  App.cpp
C:\Users\PJGTWO\Desktop\Coding\CSE165\Final Project\Test2\App.h(39): warning C4305: 'initializing': truncation from 'double' to 'float'
C:\Users\PJGTWO\Desktop\Coding\CSE165\Final Project\Test2\App.h(40): warning C4305: 'initializing': truncation from 'double' to 'float'
C:\Users\PJGTWO\Desktop\Coding\CSE165\Final Project\Test2\App.h(41): warning C4305: 'initializing': truncation from 'double' to 'float'
C:\Users\PJGTWO\Desktop\Coding\CSE165\Final Project\Test2\App.h(42): warning C4305: 'initializing': truncation from 'double' to 'float'
C:\Users\PJGTWO\Desktop\Coding\CSE165\Final Project\Test2\App.cpp(68): warning C4996: 'strcpy': This function or variable may be unsafe. Consider using strcpy_s instead. To disable deprecation, use _CRT_SECURE_NO_WARNINGS. See online help for details.
  C:\Program Files (x86)\Windows Kits\10\Include\10.0.17763.0\ucrt\string.h(133): note: see declaration of 'strcpy'
C:\Users\PJGTWO\Desktop\Coding\CSE165\Final Project\Test2\App.cpp(142): warning C4305: 'argument': truncation from 'double' to 'GLfloat'
C:\Users\PJGTWO\Desktop\Coding\CSE165\Final Project\Test2\App.cpp(154): warning C4305: 'argument': truncation from 'double' to 'GLfloat'
C:\Users\PJGTWO\Desktop\Coding\CSE165\Final Project\Test2\App.cpp(166): warning C4305: 'argument': truncation from 'double' to 'GLfloat'
C:\Users\PJGTWO\Desktop\Coding\CSE165\Final Project\Test2\App.cpp(175): warning C4305: 'argument': truncation from 'double' to 'GLfloat'
C:\Users\PJGTWO\Desktop\Coding\CSE165\Final Project\Test2\App.cpp(135): warning C4996: 'sprintf': This function or variable may be unsafe. Consider using sprintf_s instead. To disable deprecation, use _CRT_SECURE_NO_WARNINGS. See online help for details.
  C:\Program Files (x86)\Windows Kits\10\Include\10.0.17763.0\ucrt\stdio.h(1774): note: see declaration of 'sprintf'
C:\Users\PJGTWO\Desktop\Coding\CSE165\Final Project\Test2\App.cpp(153): warning C4996: 'sprintf': This function or variable may be unsafe. Consider using sprintf_s instead. To disable deprecation, use _CRT_SECURE_NO_WARNINGS. See online help for details.
  C:\Program Files (x86)\Windows Kits\10\Include\10.0.17763.0\ucrt\stdio.h(1774): note: see declaration of 'sprintf'
C:\Users\PJGTWO\Desktop\Coding\CSE165\Final Project\Test2\App.cpp(165): warning C4996: 'sprintf': This function or variable may be unsafe. Consider using sprintf_s instead. To disable deprecation, use _CRT_SECURE_NO_WARNINGS. See online help for details.
  C:\Program Files (x86)\Windows Kits\10\Include\10.0.17763.0\ucrt\stdio.h(1774): note: see declaration of 'sprintf'
C:\Users\PJGTWO\Desktop\Coding\CSE165\Final Project\Test2\App.cpp(174): warning C4996: 'sprintf': This function or variable may be unsafe. Consider using sprintf_s instead. To disable deprecation, use _CRT_SECURE_NO_WARNINGS. See online help for details.
  C:\Program Files (x86)\Windows Kits\10\Include\10.0.17763.0\ucrt\stdio.h(1774): note: see declaration of 'sprintf'
C:\Users\PJGTWO\Desktop\Coding\CSE165\Final Project\Test2\App.cpp(280): warning C4244: 'argument': conversion from 'double' to 'float', possible loss of data
  glutapp.vcxproj -> C:\Users\PJGTWO\Desktop\Coding\CSE165\Final Project\Test2\visualc15\obj\glutapp_Debug\glutapp.exe
